<?xml version="1.0" encoding="UTF-8"?>
<!-- Generated by org.testng.reporters.JUnitReportReporter -->
<testsuite hostname="sivasankar" failures="0" tests="2" name="TestCases.TC002_LoginTest" time="4.523" errors="0" timestamp="2025-10-04T10:43:47 IST" skipped="0">
  <testcase classname="TestCases.TC002_LoginTest" name="verify_login" time="2.270"/>
  <testcase classname="TestCases.TC002_LoginTest" name="verify_login" time="2.253"/>
</testsuite> <!-- TestCases.TC002_LoginTest -->
