<?xml version="1.0" encoding="UTF-8"?>
<!-- Generated by org.testng.reporters.JUnitReportReporter -->
<testsuite hostname="sivasankar" failures="0" tests="2" name="TestCases.tc_001AccontRegistrationTest" time="5.869" errors="0" timestamp="2025-10-04T17:33:09 IST" skipped="0">
  <testcase classname="TestCases.tc_001AccontRegistrationTest" name="verify_account_Registration" time="2.418"/>
  <testcase classname="TestCases.tc_001AccontRegistrationTest" name="verify_account_Registration" time="3.451"/>
</testsuite> <!-- TestCases.tc_001AccontRegistrationTest -->
