<?xml version="1.0" encoding="UTF-8"?>
<!-- Generated by org.testng.reporters.JUnitReportReporter -->
<testsuite hostname="sivasankar" failures="0" tests="2" name="TestCases.TC002_LoginTest" time="4.488" errors="0" timestamp="2025-10-04T17:33:09 IST" skipped="0">
  <testcase classname="TestCases.TC002_LoginTest" name="verify_login" time="2.564"/>
  <testcase classname="TestCases.TC002_LoginTest" name="verify_login" time="1.924"/>
</testsuite> <!-- TestCases.TC002_LoginTest -->
